2025-03-04 11:48:32 INFO: OPTIONS /auth/login 204 - 3ms
2025-03-04 11:48:38 INFO: POST /auth/login 401 - 5341ms
2025-03-04 11:49:28 INFO: OPTIONS /auth/login 204 - 6ms
2025-03-04 11:49:29 INFO: POST /auth/login 401 - 1015ms
2025-03-04 11:51:16 INFO: OPTIONS /auth/login 204 - 1ms
2025-03-04 11:51:18 INFO: POST /auth/login 401 - 2033ms
2025-03-04 12:07:07 INFO: OPTIONS /auth/login 204 - 3ms
2025-03-04 12:07:11 INFO: POST /auth/login 401 - 4205ms
2025-03-04 12:30:24 INFO: OPTIONS /auth/login 204 - 6ms
2025-03-04 12:30:28 INFO: POST /auth/login 401 - 4608ms
2025-03-04 12:30:55 INFO: OPTIONS /auth/login 204 - 2ms
2025-03-04 12:30:56 INFO: POST /auth/login 401 - 882ms
2025-03-04 12:32:34 INFO: OPTIONS /auth/login 204 - 3ms
2025-03-04 12:32:36 INFO: POST /auth/login 401 - 2117ms
2025-03-04 12:34:03 INFO: OPTIONS /auth/login 204 - 1ms
2025-03-04 12:34:05 INFO: POST /auth/login 401 - 1294ms
2025-03-04 12:34:19 INFO: OPTIONS /auth/login 204 - 0ms
2025-03-04 12:34:20 INFO: POST /auth/login 200 - 1028ms
2025-03-04 12:51:23 INFO: OPTIONS /auth/login 204 - 8ms
2025-03-04 12:51:28 INFO: POST /auth/login 200 - 4810ms
2025-03-04 14:12:52 INFO: OPTIONS /auth/login 204 - 24ms
2025-03-04 14:12:56 INFO: POST /auth/login 200 - 4184ms
2025-03-04 14:14:24 INFO: OPTIONS /auth/login 204 - 2ms
2025-03-04 14:14:26 INFO: POST /auth/login 200 - 1873ms
2025-03-04 14:14:42 INFO: OPTIONS /auth/login 204 - 1ms
2025-03-04 14:14:43 INFO: POST /auth/login 200 - 987ms
2025-03-04 14:16:00 INFO: OPTIONS /auth/login 204 - 0ms
2025-03-04 14:16:01 INFO: POST /auth/login 200 - 1525ms
2025-03-04 14:27:15 INFO: OPTIONS /auth/login 204 - 2ms
2025-03-04 14:27:18 INFO: POST /auth/login 401 - 3261ms
2025-03-04 14:27:31 INFO: OPTIONS /auth/login 204 - 1ms
2025-03-04 14:27:32 INFO: POST /auth/login 401 - 991ms
2025-03-04 14:27:40 INFO: OPTIONS /auth/login 204 - 1ms
2025-03-04 14:27:41 INFO: POST /auth/login 200 - 1018ms
2025-03-04 14:28:59 INFO: OPTIONS /auth/login 204 - 6ms
2025-03-04 14:29:01 INFO: POST /auth/login 200 - 1927ms
2025-03-04 14:52:20 INFO: OPTIONS /auth/login 204 - 15ms
2025-03-04 14:52:25 INFO: POST /auth/login 200 - 4778ms
2025-03-04 14:53:45 INFO: OPTIONS /auth/login 204 - 1ms
2025-03-04 14:53:47 INFO: POST /auth/login 200 - 1965ms
2025-03-04 15:07:25 INFO: OPTIONS /auth/login 204 - 6ms
2025-03-04 15:07:29 INFO: POST /auth/login 200 - 3539ms
2025-03-04 15:21:42 INFO: OPTIONS /auth/login 204 - 3ms
2025-03-04 15:21:47 INFO: POST /auth/login 200 - 4470ms
2025-03-04 15:37:28 INFO: OPTIONS /auth/login 204 - 7ms
2025-03-04 15:37:33 INFO: POST /auth/login 200 - 4765ms
2025-03-04 15:39:11 INFO: OPTIONS /auth/login 204 - 3ms
2025-03-04 15:39:13 INFO: POST /auth/login 200 - 1623ms
2025-03-04 15:45:28 INFO: OPTIONS /auth/login 204 - 1ms
2025-03-04 15:45:30 INFO: POST /auth/login 200 - 1996ms
2025-03-04 15:52:32 INFO: OPTIONS /auth/login 204 - 1ms
2025-03-04 15:52:33 INFO: POST /auth/login 200 - 1722ms
2025-03-04 16:03:42 INFO: OPTIONS /auth/login 204 - 313ms
2025-03-04 16:03:46 INFO: POST /auth/login 200 - 3374ms
2025-03-04 16:05:10 INFO: OPTIONS /auth/login 204 - 2ms
2025-03-04 16:05:12 INFO: POST /auth/login 200 - 1589ms
2025-03-04 16:05:50 INFO: OPTIONS /auth/login 204 - 5ms
2025-03-04 16:05:51 INFO: POST /auth/login 200 - 1044ms
2025-03-04 16:13:35 INFO: OPTIONS /auth/login 204 - 2ms
2025-03-04 16:13:36 INFO: POST /auth/login 200 - 1540ms
2025-03-04 16:14:42 INFO: OPTIONS /auth/login 204 - 1ms
2025-03-04 16:14:43 INFO: POST /auth/login 200 - 1407ms
2025-03-04 16:26:41 INFO: OPTIONS /auth/login 204 - 1ms
2025-03-04 16:26:46 INFO: POST /auth/login 200 - 4691ms
2025-03-04 16:28:58 INFO: OPTIONS /auth/login 204 - 1ms
2025-03-04 16:29:00 INFO: POST /auth/login 200 - 1996ms
2025-03-05 09:35:05 INFO: OPTIONS /auth/login 204 - 3ms
2025-03-05 09:35:11 INFO: POST /auth/login 200 - 5334ms
2025-03-05 11:51:57 INFO: GET /todos 403 - 10ms
2025-03-05 11:51:57 INFO: GET /todos 403 - 2ms
2025-03-05 11:52:34 INFO: GET /todos 403 - 2ms
2025-03-05 11:52:34 INFO: GET /todos 403 - 1ms
2025-03-05 11:54:06 INFO: GET /todos 403 - 25ms
2025-03-05 11:54:06 INFO: GET /todos 403 - 4ms
2025-03-05 11:54:10 INFO: GET /todos 403 - 3ms
2025-03-05 11:54:10 INFO: GET /todos 403 - 1ms
2025-03-05 12:02:04 INFO: GET /todos 403 - 11ms
2025-03-05 12:02:04 INFO: GET /todos 403 - 2ms
2025-03-05 12:03:35 INFO: GET /todos 403 - 12ms
2025-03-05 12:03:35 INFO: GET /todos 403 - 2ms
2025-03-05 12:06:28 INFO: GET /todos 403 - 15ms
2025-03-05 12:06:28 INFO: GET /todos 403 - 11ms
2025-03-05 12:07:22 INFO: GET /todos 403 - 4ms
2025-03-05 12:07:22 INFO: GET /todos 403 - 3ms
2025-03-05 12:07:52 INFO: OPTIONS /todos 204 - 2ms
2025-03-05 12:07:52 INFO: OPTIONS /todos 204 - 5ms
2025-03-05 12:07:52 INFO: GET /todos 403 - 71ms
2025-03-05 12:07:52 INFO: GET /todos 403 - 7ms
2025-03-05 12:07:55 INFO: GET /todos 403 - 4ms
2025-03-05 12:07:55 INFO: GET /todos 403 - 6ms
2025-03-05 12:08:05 INFO: OPTIONS /todos 204 - 1ms
2025-03-05 12:08:05 INFO: OPTIONS /todos 204 - 1ms
2025-03-05 12:08:05 INFO: GET /todos 403 - 16ms
2025-03-05 12:08:05 INFO: GET /todos 403 - 4ms
2025-03-05 12:08:26 INFO: OPTIONS /todos 204 - 2ms
2025-03-05 12:08:26 INFO: OPTIONS /todos 204 - 2ms
2025-03-05 12:08:26 INFO: GET /todos 403 - 4ms
2025-03-05 12:08:26 INFO: GET /todos 403 - 14ms
2025-03-05 12:08:28 INFO: GET /todos 403 - 4ms
2025-03-05 12:08:28 INFO: GET /todos 403 - 4ms
2025-03-05 12:08:40 INFO: OPTIONS /todos 204 - 1ms
2025-03-05 12:08:40 INFO: GET /todos 403 - 5ms
2025-03-05 12:08:43 INFO: GET /todos 403 - 2ms
2025-03-05 12:08:44 INFO: GET /todos 403 - 3ms
2025-03-05 12:09:07 INFO: OPTIONS /todos 204 - 2ms
2025-03-05 12:09:07 INFO: OPTIONS /todos 204 - 1ms
2025-03-05 12:09:07 INFO: OPTIONS /todos 204 - 10ms
2025-03-05 12:09:07 INFO: GET /todos 403 - 18ms
2025-03-05 12:09:07 INFO: GET /todos 403 - 6ms
2025-03-05 12:09:30 INFO: OPTIONS /todos 204 - 8ms
2025-03-05 12:09:30 INFO: OPTIONS /todos 204 - 2ms
2025-03-05 12:09:30 INFO: GET /todos 403 - 26ms
2025-03-05 12:09:30 INFO: GET /todos 403 - 4ms
2025-03-05 12:12:18 INFO: OPTIONS /todos 204 - 2ms
2025-03-05 12:12:18 INFO: OPTIONS /todos 204 - 5ms
2025-03-05 12:12:18 INFO: GET /todos 403 - 10ms
2025-03-05 12:12:18 INFO: GET /todos 403 - 5ms
2025-03-05 12:12:27 INFO: OPTIONS /todos 204 - 2ms
2025-03-05 12:12:27 INFO: OPTIONS /todos 204 - 1ms
2025-03-05 12:12:27 INFO: GET /todos 403 - 3ms
2025-03-05 12:12:27 INFO: GET /todos 403 - 5ms
2025-03-05 12:18:22 INFO: OPTIONS /todos 204 - 17ms
2025-03-05 12:18:22 INFO: OPTIONS /todos 204 - 1ms
2025-03-05 12:18:22 INFO: GET /todos 403 - 17ms
2025-03-05 12:18:22 INFO: GET /todos 403 - 5ms
2025-03-05 12:20:41 INFO: OPTIONS /todos 204 - 16ms
2025-03-05 12:20:41 INFO: OPTIONS /todos 204 - 2ms
2025-03-05 12:20:41 INFO: GET /todos 403 - 28ms
2025-03-05 12:20:41 INFO: GET /todos 403 - 7ms
2025-03-05 12:21:08 INFO: OPTIONS /todos 204 - 19ms
2025-03-05 12:21:08 INFO: OPTIONS /todos 204 - 2ms
2025-03-05 12:21:08 INFO: GET /todos 403 - 23ms
2025-03-05 12:21:08 INFO: GET /todos 403 - 6ms
2025-03-05 12:46:45 INFO: OPTIONS /auth/signup 204 - 4ms
2025-03-05 12:46:52 INFO: POST /auth/signup 200 - 7507ms
2025-03-05 12:48:39 INFO: OPTIONS /auth/signup 204 - 5ms
2025-03-05 12:48:42 INFO: POST /auth/signup 200 - 3194ms
2025-03-05 12:54:00 INFO: OPTIONS /auth/login 204 - 1ms
2025-03-05 12:54:04 INFO: POST /auth/login 401 - 3402ms
2025-03-05 12:54:12 INFO: OPTIONS /auth/login 204 - 1ms
2025-03-05 12:54:13 INFO: POST /auth/login 200 - 972ms
2025-03-05 12:54:13 INFO: OPTIONS /todos 204 - 1ms
2025-03-05 12:54:13 INFO: OPTIONS /todos 204 - 1ms
2025-03-05 12:54:14 INFO: GET /todos 200 - 815ms
2025-03-05 12:54:15 INFO: GET /todos 304 - 770ms
2025-03-05 12:54:38 INFO: OPTIONS /todos 204 - 1ms
2025-03-05 12:54:38 INFO: OPTIONS /todos 204 - 1ms
2025-03-05 12:54:39 INFO: GET /todos 304 - 440ms
2025-03-05 12:54:39 INFO: GET /todos 304 - 771ms
2025-03-05 14:02:07 INFO: OPTIONS /todos 204 - 94ms
2025-03-05 14:02:08 INFO: OPTIONS /todos 204 - 5ms
2025-03-05 14:02:08 INFO: GET /todos 403 - 231ms
2025-03-05 14:02:08 INFO: GET /todos 403 - 30ms
2025-03-05 14:22:33 INFO: OPTIONS /todos 204 - 23ms
2025-03-05 14:22:33 INFO: OPTIONS /todos 204 - 5ms
2025-03-05 14:22:33 INFO: GET /todos 403 - 113ms
2025-03-05 14:22:33 INFO: GET /todos 403 - 14ms
2025-03-05 14:23:54 INFO: OPTIONS /todos 204 - 40ms
2025-03-05 14:23:54 INFO: OPTIONS /todos 204 - 2ms
2025-03-05 14:23:54 INFO: GET /todos 403 - 73ms
2025-03-05 14:23:54 INFO: GET /todos 403 - 17ms
2025-03-05 14:36:49 INFO: OPTIONS /todos 204 - 17ms
2025-03-05 14:36:49 INFO: OPTIONS /todos 204 - 1ms
2025-03-05 14:36:49 INFO: GET /todos 403 - 49ms
2025-03-05 14:36:49 INFO: GET /todos 403 - 16ms
2025-03-05 14:36:56 INFO: OPTIONS /todos 204 - 9ms
2025-03-05 14:36:56 INFO: OPTIONS /todos 204 - 3ms
2025-03-05 14:36:57 INFO: GET /todos 403 - 17ms
2025-03-05 14:36:57 INFO: GET /todos 403 - 24ms
2025-03-05 14:37:16 INFO: OPTIONS /todos 204 - 2ms
2025-03-05 14:37:16 INFO: OPTIONS /todos 204 - 2ms
2025-03-05 14:37:16 INFO: GET /todos 403 - 35ms
2025-03-05 14:37:16 INFO: GET /todos 403 - 11ms
2025-03-05 14:37:28 INFO: OPTIONS /todos 204 - 2ms
2025-03-05 14:37:28 INFO: OPTIONS /todos 204 - 4ms
2025-03-05 14:37:28 INFO: GET /todos 403 - 39ms
2025-03-05 14:37:28 INFO: GET /todos 403 - 7ms
2025-03-05 14:37:33 INFO: OPTIONS /todos 204 - 1ms
2025-03-05 14:37:33 INFO: OPTIONS /todos 204 - 1ms
2025-03-05 14:37:33 INFO: GET /todos 403 - 8ms
2025-03-05 14:37:33 INFO: GET /todos 403 - 20ms
2025-03-05 14:37:36 INFO: GET /todos 403 - 13ms
2025-03-05 14:37:36 INFO: GET /todos 403 - 12ms
2025-03-05 14:37:47 INFO: OPTIONS /todos 204 - 1ms
2025-03-05 14:37:47 INFO: OPTIONS /todos 204 - 1ms
2025-03-05 14:37:47 INFO: GET /todos 403 - 24ms
2025-03-05 14:37:47 INFO: GET /todos 403 - 15ms
2025-03-05 14:38:08 INFO: OPTIONS /todos 204 - 2ms
2025-03-05 14:38:08 INFO: OPTIONS /todos 204 - 0ms
2025-03-05 14:38:08 INFO: GET /todos 403 - 17ms
2025-03-05 14:38:08 INFO: GET /todos 403 - 16ms
2025-03-05 14:38:09 INFO: GET /todos 403 - 7ms
2025-03-05 14:38:09 INFO: GET /todos 403 - 5ms
2025-03-05 14:38:45 INFO: OPTIONS /todos 204 - 1ms
2025-03-05 14:38:45 INFO: OPTIONS /todos 204 - 1ms
2025-03-05 14:38:45 INFO: GET /todos 403 - 9ms
2025-03-05 14:38:45 INFO: GET /todos 403 - 12ms
2025-03-05 14:39:16 INFO: OPTIONS /todos 204 - 4ms
2025-03-05 14:39:16 INFO: OPTIONS /todos 204 - 1ms
2025-03-05 14:39:16 INFO: GET /todos 403 - 17ms
2025-03-05 14:39:16 INFO: GET /todos 403 - 6ms
2025-03-05 14:40:50 INFO: OPTIONS /todos 204 - 1ms
2025-03-05 14:40:50 INFO: OPTIONS /todos 204 - 1ms
2025-03-05 14:40:50 INFO: GET /todos 403 - 5ms
2025-03-05 14:40:51 INFO: GET /todos 403 - 4ms
2025-03-05 14:40:55 INFO: GET /todos 403 - 6ms
2025-03-05 14:40:55 INFO: GET /todos 403 - 5ms
2025-03-05 14:41:10 INFO: OPTIONS /todos 204 - 1ms
2025-03-05 14:41:10 INFO: OPTIONS /todos 204 - 1ms
2025-03-05 14:41:10 INFO: GET /todos 403 - 5ms
2025-03-05 14:41:10 INFO: GET /todos 403 - 8ms
2025-03-05 14:41:36 INFO: OPTIONS /todos 204 - 1ms
2025-03-05 14:41:36 INFO: OPTIONS /todos 204 - 1ms
2025-03-05 14:41:36 INFO: GET /todos 403 - 37ms
2025-03-05 14:41:36 INFO: GET /todos 403 - 7ms
2025-03-05 14:41:38 INFO: GET /todos 403 - 7ms
2025-03-05 14:41:38 INFO: GET /todos 403 - 5ms
2025-03-05 14:41:40 INFO: GET /todos 403 - 48ms
2025-03-05 14:41:40 INFO: GET /todos 403 - 42ms
2025-03-05 14:41:44 INFO: OPTIONS /todos 204 - 3ms
2025-03-05 14:41:44 INFO: GET /todos 403 - 4ms
2025-03-05 14:41:44 INFO: OPTIONS /todos 204 - 1ms
2025-03-05 14:41:44 INFO: GET /todos 403 - 6ms
2025-03-05 14:43:29 INFO: OPTIONS /todos 204 - 3ms
2025-03-05 14:43:29 INFO: OPTIONS /todos 204 - 1ms
2025-03-05 14:43:29 INFO: GET /todos 403 - 7ms
2025-03-05 14:43:29 INFO: GET /todos 403 - 6ms
2025-03-05 14:43:29 INFO: OPTIONS /auth/refresh-token 204 - 1ms
2025-03-05 14:43:29 INFO: OPTIONS /auth/refresh-token 204 - 6ms
2025-03-05 14:43:29 INFO: POST /auth/refresh-token 404 - 414ms
2025-03-05 14:43:29 INFO: POST /auth/refresh-token 404 - 1ms
2025-03-05 14:48:01 INFO: OPTIONS /auth/login 204 - 22ms
2025-03-05 14:48:08 INFO: POST /auth/login 200 - 6721ms
2025-03-05 14:49:24 INFO: OPTIONS /auth/login 204 - 2ms
2025-03-05 14:49:26 INFO: POST /auth/login 200 - 2393ms
2025-03-05 15:18:04 INFO: OPTIONS /auth/login 204 - 45ms
2025-03-05 15:32:11 INFO: OPTIONS /auth/login 204 - 5ms
2025-03-05 15:32:17 INFO: POST /auth/login 200 - 5813ms
2025-03-05 15:34:47 INFO: OPTIONS /auth/login 204 - 1ms
2025-03-05 15:34:49 INFO: POST /auth/login 200 - 2353ms
2025-03-05 15:34:49 INFO: OPTIONS /todos 204 - 1ms
2025-03-05 15:34:49 INFO: OPTIONS /todos 204 - 2ms
2025-03-05 15:34:50 INFO: GET /todos 200 - 818ms
2025-03-05 15:34:51 INFO: GET /todos 304 - 780ms
2025-03-05 15:35:19 INFO: OPTIONS /todos 204 - 2ms
2025-03-05 15:35:19 INFO: OPTIONS /todos 204 - 2ms
2025-03-05 15:35:19 INFO: GET /todos 401 - 7ms
2025-03-05 15:35:19 INFO: GET /todos 401 - 6ms
2025-03-05 15:35:34 INFO: OPTIONS /todos 204 - 1ms
2025-03-05 15:35:34 INFO: OPTIONS /todos 204 - 2ms
2025-03-05 15:35:34 INFO: GET /todos 401 - 5ms
2025-03-05 15:35:34 INFO: GET /todos 401 - 3ms
2025-03-05 15:35:54 INFO: OPTIONS /auth/login 204 - 1ms
2025-03-05 15:35:56 INFO: POST /auth/login 200 - 2425ms
2025-03-05 15:35:56 INFO: OPTIONS /todos 204 - 2ms
2025-03-05 15:35:56 INFO: OPTIONS /todos 204 - 1ms
2025-03-05 15:35:56 INFO: GET /todos 304 - 315ms
2025-03-05 15:35:57 INFO: GET /todos 304 - 803ms
2025-03-05 15:36:06 INFO: OPTIONS /todos 204 - 3ms
2025-03-05 15:36:06 INFO: OPTIONS /todos 204 - 1ms
2025-03-05 15:36:06 INFO: GET /todos 401 - 3ms
2025-03-05 15:36:07 INFO: GET /todos 401 - 5ms
2025-03-05 15:36:09 INFO: GET /todos 401 - 4ms
2025-03-05 15:36:09 INFO: GET /todos 401 - 4ms
2025-03-05 15:37:18 INFO: OPTIONS /todos 204 - 2ms
2025-03-05 15:37:18 INFO: OPTIONS /todos 204 - 1ms
2025-03-05 15:37:18 INFO: GET /todos 401 - 4ms
2025-03-05 15:37:18 INFO: GET /todos 401 - 4ms
2025-03-05 15:37:51 INFO: OPTIONS /todos 204 - 7ms
2025-03-05 15:37:51 INFO: OPTIONS /todos 204 - 3ms
2025-03-05 15:37:51 INFO: GET /todos 401 - 29ms
2025-03-05 15:37:51 INFO: GET /todos 401 - 13ms
2025-03-05 15:38:27 INFO: OPTIONS /todos 204 - 2ms
2025-03-05 15:38:27 INFO: OPTIONS /todos 204 - 1ms
2025-03-05 15:38:27 INFO: GET /todos 401 - 18ms
2025-03-05 15:38:27 INFO: GET /todos 401 - 6ms
2025-03-05 15:38:27 INFO: OPTIONS /auth/refresh-token 204 - 11ms
2025-03-05 15:38:27 INFO: POST /auth/refresh-token 200 - 56ms
2025-03-05 15:38:27 INFO: POST /auth/refresh-token 200 - 15ms
2025-03-05 15:38:27 INFO: GET /todos 403 - 5ms
2025-03-05 15:38:27 INFO: GET /todos 403 - 3ms
2025-03-05 15:39:00 INFO: OPTIONS /todos 204 - 17ms
2025-03-05 15:39:00 INFO: OPTIONS /todos 204 - 1ms
2025-03-05 15:39:00 INFO: GET /todos 403 - 24ms
2025-03-05 15:39:00 INFO: GET /todos 403 - 6ms
2025-03-05 15:41:53 INFO: OPTIONS /todos 204 - 1ms
2025-03-05 15:41:53 INFO: OPTIONS /todos 204 - 1ms
2025-03-05 15:41:53 INFO: GET /todos 403 - 11ms
2025-03-05 15:41:53 INFO: GET /todos 403 - 6ms
2025-03-05 15:41:58 INFO: OPTIONS /todos 204 - 2ms
2025-03-05 15:41:58 INFO: GET /todos 403 - 4ms
2025-03-05 15:41:58 INFO: GET /todos 403 - 6ms
2025-03-05 15:43:00 INFO: OPTIONS /auth/login 204 - 1ms
2025-03-05 15:43:01 INFO: POST /auth/login 200 - 1883ms
2025-03-05 15:43:01 INFO: OPTIONS /todos 204 - 1ms
2025-03-05 15:43:01 INFO: OPTIONS /todos 204 - 2ms
2025-03-05 15:43:02 INFO: GET /todos 200 - 806ms
2025-03-05 15:43:03 INFO: GET /todos 304 - 793ms
2025-03-05 15:44:57 INFO: OPTIONS /todos 204 - 0ms
2025-03-05 15:44:57 INFO: OPTIONS /todos 204 - 1ms
2025-03-05 15:44:57 INFO: GET /todos 401 - 5ms
2025-03-05 15:44:57 INFO: GET /todos 401 - 6ms
2025-03-05 15:44:57 INFO: OPTIONS /auth/refresh-token 204 - 1ms
2025-03-05 15:44:57 INFO: POST /auth/refresh-token 200 - 8ms
2025-03-05 15:44:57 INFO: POST /auth/refresh-token 200 - 3ms
2025-03-05 15:44:59 INFO: GET /todos 304 - 1969ms
2025-03-05 15:45:00 INFO: GET /todos 304 - 809ms
2025-03-05 15:45:01 INFO: GET /todos 304 - 797ms
2025-03-05 15:45:02 INFO: GET /todos 304 - 785ms
2025-03-05 15:45:03 INFO: OPTIONS /todos 204 - 0ms
2025-03-05 15:45:03 INFO: OPTIONS /todos 204 - 1ms
2025-03-05 15:45:03 INFO: GET /todos 304 - 296ms
2025-03-05 15:45:04 INFO: GET /todos 304 - 798ms
2025-03-05 15:45:11 INFO: OPTIONS /todos 204 - 1ms
2025-03-05 15:45:11 INFO: OPTIONS /todos 204 - 1ms
2025-03-05 15:45:11 INFO: GET /todos 304 - 405ms
2025-03-05 15:45:12 INFO: GET /todos 304 - 306ms
2025-03-05 15:45:23 INFO: OPTIONS /todos 204 - 1ms
2025-03-05 15:45:23 INFO: OPTIONS /todos 204 - 1ms
2025-03-05 15:45:25 INFO: GET /todos 304 - 1007ms
2025-03-05 15:45:25 INFO: GET /todos 304 - 772ms
2025-03-05 15:46:25 INFO: OPTIONS /todos 204 - 3ms
2025-03-05 15:46:25 INFO: OPTIONS /todos 204 - 2ms
2025-03-05 15:46:27 INFO: GET /todos 304 - 1927ms
2025-03-05 15:46:28 INFO: GET /todos 304 - 828ms
2025-03-05 15:46:45 INFO: OPTIONS /todos 204 - 1ms
2025-03-05 15:46:45 INFO: OPTIONS /todos 204 - 1ms
2025-03-05 15:46:45 INFO: GET /todos 304 - 423ms
2025-03-05 15:46:46 INFO: GET /todos 304 - 805ms
2025-03-05 15:47:24 INFO: OPTIONS /todos 204 - 21ms
2025-03-05 15:47:24 INFO: OPTIONS /todos 204 - 7ms
2025-03-05 15:47:25 INFO: GET /todos 304 - 1705ms
2025-03-05 15:47:27 INFO: GET /todos 304 - 1889ms
2025-03-05 15:47:54 INFO: OPTIONS /todos 204 - 2ms
2025-03-05 15:47:55 INFO: POST /todos 200 - 929ms
2025-03-05 15:50:52 INFO: OPTIONS /todos 204 - 2ms
2025-03-05 15:50:52 INFO: OPTIONS /todos 204 - 6ms
2025-03-05 15:50:53 INFO: GET /todos 200 - 1507ms
2025-03-05 15:50:54 INFO: GET /todos 304 - 865ms
2025-03-05 15:50:55 INFO: GET /todos 304 - 774ms
2025-03-05 15:50:56 INFO: GET /todos 304 - 795ms
2025-03-05 15:50:56 INFO: GET /todos 304 - 301ms
2025-03-05 15:50:57 INFO: GET /todos 304 - 793ms
2025-03-05 15:50:57 INFO: OPTIONS /todos 204 - 1ms
2025-03-05 15:50:58 INFO: GET /todos 304 - 784ms
2025-03-05 15:50:58 INFO: GET /todos 304 - 294ms
2025-03-05 15:50:58 INFO: GET /todos 304 - 288ms
2025-03-05 15:50:59 INFO: GET /todos 304 - 781ms
2025-03-05 15:51:00 INFO: GET /todos 304 - 295ms
2025-03-05 15:51:00 INFO: GET /todos 304 - 294ms
2025-03-05 15:51:00 INFO: GET /todos 304 - 290ms
2025-03-05 15:51:01 INFO: GET /todos 304 - 283ms
2025-03-05 15:51:01 INFO: GET /todos 304 - 290ms
2025-03-05 15:51:02 INFO: GET /todos 304 - 765ms
2025-03-05 15:51:02 INFO: GET /todos 304 - 773ms
2025-03-05 15:51:02 INFO: OPTIONS /todos 204 - 1ms
2025-03-05 15:51:03 INFO: GET /todos 304 - 278ms
2025-03-05 15:51:03 INFO: GET /todos 304 - 296ms
2025-03-05 15:51:03 INFO: GET /todos 304 - 283ms
2025-03-05 15:51:04 INFO: GET /todos 304 - 290ms
2025-03-05 15:51:04 INFO: GET /todos 304 - 323ms
2025-03-05 15:51:05 INFO: GET /todos 304 - 773ms
2025-03-05 15:51:06 INFO: GET /todos 304 - 971ms
2025-03-05 15:51:06 INFO: GET /todos 304 - 286ms
2025-03-05 15:51:06 INFO: GET /todos 304 - 285ms
2025-03-05 15:51:07 INFO: GET /todos 304 - 285ms
2025-03-05 15:51:07 INFO: GET /todos 304 - 294ms
2025-03-05 15:51:07 INFO: GET /todos 304 - 292ms
2025-03-05 15:51:08 INFO: GET /todos 304 - 289ms
2025-03-05 15:51:08 INFO: OPTIONS /todos 204 - 1ms
2025-03-05 15:51:08 INFO: GET /todos 304 - 293ms
2025-03-05 15:51:08 INFO: GET /todos 304 - 321ms
2025-03-05 15:51:09 INFO: GET /todos 304 - 296ms
2025-03-05 15:51:09 INFO: GET /todos 304 - 305ms
2025-03-05 15:51:09 INFO: GET /todos 304 - 283ms
2025-03-05 15:51:10 INFO: GET /todos 304 - 294ms
2025-03-05 15:51:10 INFO: GET /todos 304 - 305ms
2025-03-05 15:51:10 INFO: GET /todos 304 - 283ms
2025-03-05 15:51:10 INFO: GET /todos 304 - 281ms
2025-03-05 15:51:11 INFO: GET /todos 304 - 796ms
2025-03-05 15:51:12 INFO: GET /todos 304 - 303ms
2025-03-05 15:51:12 INFO: GET /todos 304 - 292ms
2025-03-05 15:51:12 INFO: GET /todos 304 - 292ms
2025-03-05 15:51:12 INFO: GET /todos 304 - 289ms
2025-03-05 15:51:13 INFO: GET /todos 304 - 293ms
2025-03-05 15:51:13 INFO: OPTIONS /todos 204 - 1ms
2025-03-05 15:51:13 INFO: GET /todos 304 - 337ms
2025-03-05 15:51:13 INFO: GET /todos 304 - 282ms
2025-03-05 15:51:14 INFO: GET /todos 304 - 284ms
2025-03-05 15:51:14 INFO: GET /todos 304 - 280ms
2025-03-05 15:51:14 INFO: GET /todos 304 - 305ms
2025-03-05 15:51:15 INFO: GET /todos 304 - 286ms
2025-03-05 15:51:15 INFO: GET /todos 304 - 284ms
2025-03-05 15:51:15 INFO: GET /todos 304 - 290ms
2025-03-05 15:51:16 INFO: GET /todos 304 - 286ms
2025-03-05 15:51:16 INFO: GET /todos 304 - 289ms
2025-03-05 15:51:16 INFO: GET /todos 304 - 281ms
2025-03-05 15:51:17 INFO: GET /todos 304 - 281ms
2025-03-05 15:51:17 INFO: GET /todos 304 - 283ms
2025-03-05 15:51:17 INFO: GET /todos 304 - 288ms
2025-03-05 15:51:17 INFO: GET /todos 304 - 301ms
2025-03-05 15:51:18 INFO: GET /todos 304 - 281ms
2025-03-05 15:51:18 INFO: GET /todos 304 - 290ms
2025-03-05 15:51:18 INFO: OPTIONS /todos 204 - 1ms
2025-03-05 15:51:18 INFO: GET /todos 304 - 286ms
2025-03-05 15:51:19 INFO: GET /todos 304 - 288ms
2025-03-05 15:51:19 INFO: GET /todos 304 - 284ms
2025-03-05 15:51:19 INFO: GET /todos 304 - 296ms
2025-03-05 15:51:20 INFO: GET /todos 304 - 285ms
2025-03-05 15:51:20 INFO: GET /todos 304 - 288ms
2025-03-05 15:53:18 INFO: OPTIONS /todos 204 - 1ms
2025-03-05 15:53:20 INFO: POST /todos 200 - 2156ms
2025-03-05 15:53:35 INFO: OPTIONS /todos 204 - 1ms
2025-03-05 15:53:35 INFO: OPTIONS /todos 204 - 0ms
2025-03-05 15:53:36 INFO: GET /todos 200 - 877ms
2025-03-05 15:53:37 INFO: GET /todos 304 - 767ms
2025-03-05 15:54:08 INFO: OPTIONS /todos 204 - 1ms
2025-03-05 15:54:08 INFO: OPTIONS /todos 204 - 1ms
2025-03-05 15:54:09 INFO: GET /todos 304 - 924ms
2025-03-05 15:54:10 INFO: GET /todos 304 - 774ms
2025-03-05 15:54:23 INFO: OPTIONS /todos 204 - 1ms
2025-03-05 15:54:23 INFO: OPTIONS /todos 204 - 1ms
2025-03-05 15:54:25 INFO: GET /todos 304 - 1197ms
2025-03-05 15:54:26 INFO: GET /todos 200 - 398ms
2025-03-05 15:54:27 INFO: GET /todos 304 - 765ms
2025-03-05 15:55:05 INFO: OPTIONS /todos 204 - 1ms
2025-03-05 15:55:05 INFO: OPTIONS /todos 204 - 5ms
2025-03-05 15:55:06 INFO: GET /todos 304 - 890ms
2025-03-05 15:55:07 INFO: GET /todos 304 - 776ms
2025-03-05 15:55:13 INFO: OPTIONS /todos 204 - 0ms
2025-03-05 15:55:13 INFO: OPTIONS /todos 204 - 0ms
2025-03-05 15:55:14 INFO: GET /todos 304 - 826ms
2025-03-05 15:55:14 INFO: GET /todos 304 - 312ms
2025-03-05 15:55:20 INFO: OPTIONS /todos 204 - 2ms
2025-03-05 15:55:20 INFO: OPTIONS /todos 204 - 1ms
2025-03-05 15:55:21 INFO: GET /todos 304 - 1283ms
2025-03-05 15:55:23 INFO: GET /todos 304 - 1887ms
2025-03-05 15:56:08 INFO: OPTIONS /todos 204 - 1ms
2025-03-05 15:56:08 INFO: OPTIONS /todos 204 - 0ms
2025-03-05 15:56:09 INFO: GET /todos 304 - 1055ms
2025-03-05 15:56:10 INFO: GET /todos 304 - 835ms
2025-03-05 15:56:14 INFO: OPTIONS /todos 204 - 1ms
2025-03-05 15:56:14 INFO: OPTIONS /todos 204 - 1ms
2025-03-05 15:56:15 INFO: GET /todos 304 - 800ms
2025-03-05 15:56:15 INFO: GET /todos 304 - 297ms
2025-03-05 15:56:52 INFO: OPTIONS /todos 204 - 1ms
2025-03-05 15:56:52 INFO: OPTIONS /todos 204 - 0ms
2025-03-05 15:56:54 INFO: GET /todos 304 - 1171ms
2025-03-05 15:56:54 INFO: GET /todos 304 - 285ms
2025-03-05 15:57:02 INFO: OPTIONS /todos 204 - 0ms
2025-03-05 15:57:02 INFO: OPTIONS /todos 204 - 0ms
2025-03-05 15:57:03 INFO: GET /todos 304 - 834ms
2025-03-05 15:57:04 INFO: GET /todos 304 - 794ms
2025-03-05 15:57:21 INFO: OPTIONS /todos 204 - 1ms
2025-03-05 15:57:21 INFO: POST /todos 200 - 860ms
2025-03-05 15:57:26 INFO: GET /todos 200 - 847ms
2025-03-05 15:57:27 INFO: GET /todos 304 - 772ms
2025-03-05 16:05:35 INFO: OPTIONS /todos 204 - 1ms
2025-03-05 16:05:39 INFO: GET /todos 304 - 4076ms
2025-03-05 16:05:42 INFO: OPTIONS /todos 204 - 1ms
2025-03-05 16:05:42 INFO: GET /todos 304 - 295ms
2025-03-05 16:05:43 INFO: GET /todos 304 - 769ms
2025-03-05 16:05:46 INFO: GET /todos 304 - 770ms
2025-03-05 16:05:48 INFO: OPTIONS /todos 204 - 0ms
2025-03-05 16:05:48 INFO: GET /todos 304 - 759ms
2025-03-05 16:06:07 INFO: OPTIONS /todos 204 - 1ms
2025-03-05 16:06:07 INFO: OPTIONS /todos 204 - 2ms
2025-03-05 16:06:08 INFO: GET /todos 304 - 902ms
2025-03-05 16:06:08 INFO: GET /todos 304 - 789ms
2025-03-05 16:06:14 INFO: OPTIONS /todos 204 - 0ms
2025-03-05 16:06:15 INFO: GET /todos 304 - 823ms
2025-03-05 16:08:21 INFO: OPTIONS /todos 204 - 2ms
2025-03-05 16:08:21 INFO: OPTIONS /todos 204 - 2ms
2025-03-05 16:08:22 INFO: GET /todos 304 - 1724ms
2025-03-05 16:08:23 INFO: GET /todos 304 - 292ms
2025-03-05 16:10:31 INFO: OPTIONS /todos 204 - 1ms
2025-03-05 16:10:31 INFO: OPTIONS /todos 204 - 1ms
2025-03-05 16:10:34 INFO: GET /todos 304 - 3045ms
2025-03-05 16:10:34 INFO: GET /todos 304 - 810ms
2025-03-05 16:10:36 INFO: OPTIONS /todos 204 - 2ms
2025-03-05 16:10:37 INFO: GET /todos 304 - 834ms
2025-03-05 16:10:38 INFO: GET /todos 304 - 779ms
2025-03-05 16:11:08 INFO: OPTIONS /todos 204 - 1ms
2025-03-05 16:11:08 INFO: OPTIONS /todos 204 - 1ms
2025-03-05 16:11:09 INFO: GET /todos 304 - 498ms
2025-03-05 16:11:10 INFO: GET /todos 304 - 793ms
2025-03-06 09:17:38 INFO: OPTIONS /todos 204 - 162ms
2025-03-06 09:17:38 INFO: OPTIONS /todos 204 - 5ms
2025-03-06 09:17:38 INFO: GET /todos 401 - 60ms
2025-03-06 09:17:38 INFO: GET /todos 401 - 64ms
2025-03-06 09:17:38 INFO: OPTIONS /auth/refresh-token 204 - 4ms
2025-03-06 09:17:38 INFO: POST /auth/refresh-token 200 - 79ms
2025-03-06 09:17:38 INFO: OPTIONS /auth/refresh-token 204 - 2ms
2025-03-06 09:17:38 INFO: POST /auth/refresh-token 200 - 5ms
2025-03-06 09:17:44 INFO: GET /todos 304 - 6224ms
2025-03-06 09:17:45 INFO: GET /todos 304 - 825ms
2025-03-06 09:17:46 INFO: OPTIONS /todos 204 - 1ms
2025-03-06 09:17:46 INFO: POST /todos 200 - 785ms
2025-03-06 09:22:53 INFO: OPTIONS /todos 204 - 11ms
2025-03-06 09:22:53 INFO: OPTIONS /todos 204 - 1ms
2025-03-06 09:22:55 INFO: GET /todos 200 - 1479ms
2025-03-06 09:22:55 INFO: GET /todos 304 - 770ms
2025-03-06 09:30:27 INFO: OPTIONS /todos 204 - 20ms
2025-03-06 09:30:27 INFO: OPTIONS /todos 204 - 10ms
2025-03-06 09:30:30 INFO: GET /todos 304 - 2562ms
2025-03-06 09:30:31 INFO: GET /todos 304 - 994ms
2025-03-06 09:32:12 INFO: OPTIONS /todos 204 - 1ms
2025-03-06 09:32:13 INFO: POST /todos 200 - 1504ms
2025-03-06 09:34:56 INFO: OPTIONS /todos 204 - 5ms
2025-03-06 09:34:56 INFO: OPTIONS /todos 204 - 1ms
2025-03-06 09:34:58 INFO: GET /todos 200 - 1840ms
2025-03-06 09:34:58 INFO: GET /todos 304 - 817ms
2025-03-06 10:09:24 INFO: OPTIONS /todos 204 - 11ms
2025-03-06 10:09:24 INFO: OPTIONS /todos 204 - 1ms
2025-03-06 10:09:31 INFO: GET /todos 200 - 6388ms
2025-03-06 10:09:32 INFO: GET /todos 304 - 772ms
2025-03-06 10:12:37 INFO: OPTIONS /todos/37bce6f6-1b4b-45b0-b138-257f84e5bb00 204 - 6ms
2025-03-06 10:12:40 INFO: PATCH /todos/37bce6f6-1b4b-45b0-b138-257f84e5bb00 200 - 2767ms
2025-03-06 10:12:42 INFO: OPTIONS /todos 204 - 1ms
2025-03-06 10:12:42 INFO: OPTIONS /todos 204 - 1ms
2025-03-06 10:12:43 INFO: GET /todos 200 - 810ms
2025-03-06 10:12:44 INFO: GET /todos 304 - 795ms
2025-03-06 11:39:36 INFO: OPTIONS /todos 204 - 5ms
2025-03-06 11:39:36 INFO: OPTIONS /todos 204 - 1ms
2025-03-06 11:39:36 INFO: GET /todos 401 - 36ms
2025-03-06 11:39:36 INFO: GET /todos 401 - 17ms
2025-03-06 11:39:36 INFO: OPTIONS /auth/refresh-token 204 - 3ms
2025-03-06 11:39:36 INFO: OPTIONS /auth/refresh-token 204 - 1ms
2025-03-06 11:39:36 INFO: POST /auth/refresh-token 200 - 41ms
2025-03-06 11:39:36 INFO: POST /auth/refresh-token 200 - 14ms
2025-03-06 11:39:41 INFO: GET /todos 304 - 5128ms
2025-03-06 11:39:42 INFO: GET /todos 304 - 876ms
2025-03-06 11:44:35 INFO: OPTIONS /todos 204 - 5ms
2025-03-06 11:44:35 INFO: OPTIONS /todos 204 - 2ms
2025-03-06 11:44:38 INFO: GET /todos 304 - 2097ms
2025-03-06 11:44:38 INFO: GET /todos 304 - 322ms
2025-03-06 11:45:03 INFO: OPTIONS /todos 204 - 1ms
2025-03-06 11:45:03 INFO: OPTIONS /todos 204 - 1ms
2025-03-06 11:45:05 INFO: GET /todos 304 - 1013ms
2025-03-06 11:45:05 INFO: GET /todos 304 - 307ms
2025-03-06 11:49:34 INFO: OPTIONS /todos 204 - 2ms
2025-03-06 11:49:34 INFO: OPTIONS /todos 204 - 1ms
2025-03-06 11:49:37 INFO: GET /todos 304 - 2586ms
2025-03-06 11:49:38 INFO: GET /todos 304 - 789ms
2025-03-06 11:51:43 INFO: OPTIONS /todos 204 - 3ms
2025-03-06 11:51:43 INFO: OPTIONS /todos 204 - 1ms
2025-03-06 11:51:45 INFO: GET /todos 304 - 2024ms
2025-03-06 11:51:46 INFO: GET /todos 304 - 771ms
2025-03-06 11:51:49 INFO: OPTIONS /todos 204 - 1ms
2025-03-06 11:51:49 INFO: OPTIONS /todos 204 - 0ms
2025-03-06 11:51:50 INFO: GET /todos 304 - 295ms
2025-03-06 11:51:51 INFO: GET /todos 304 - 801ms
2025-03-06 12:11:17 INFO: OPTIONS /todos 204 - 22ms
2025-03-06 12:11:17 INFO: OPTIONS /todos 204 - 1ms
2025-03-06 12:11:21 INFO: GET /todos 304 - 3958ms
2025-03-06 12:11:22 INFO: GET /todos 304 - 758ms
2025-03-06 12:14:06 INFO: OPTIONS /todos 204 - 1ms
2025-03-06 12:14:06 INFO: OPTIONS /todos 204 - 1ms
2025-03-06 12:14:08 INFO: GET /todos 304 - 2241ms
2025-03-06 12:14:09 INFO: GET /todos 304 - 839ms
2025-03-06 12:14:18 INFO: OPTIONS /todos 204 - 1ms
2025-03-06 12:14:18 INFO: OPTIONS /todos 204 - 1ms
2025-03-06 12:14:19 INFO: GET /todos 304 - 891ms
2025-03-06 12:14:19 INFO: GET /todos 304 - 753ms
2025-03-06 12:20:23 INFO: OPTIONS /todos 204 - 2ms
2025-03-06 12:20:23 INFO: OPTIONS /todos 204 - 0ms
2025-03-06 12:20:25 INFO: GET /todos 304 - 2289ms
2025-03-06 12:20:26 INFO: GET /todos 304 - 782ms
2025-03-06 12:21:03 INFO: OPTIONS /todos 204 - 1ms
2025-03-06 12:21:03 INFO: OPTIONS /todos 204 - 1ms
2025-03-06 12:21:04 INFO: GET /todos 304 - 864ms
2025-03-06 12:21:04 INFO: GET /todos 304 - 774ms
2025-03-06 12:37:10 INFO: OPTIONS /todos 204 - 1ms
2025-03-06 12:37:15 INFO: GET /todos 304 - 4802ms
2025-03-06 12:37:36 INFO: OPTIONS /todos 204 - 2ms
2025-03-06 12:37:36 INFO: OPTIONS /todos 204 - 1ms
2025-03-06 12:37:37 INFO: GET /todos 304 - 877ms
2025-03-06 12:37:38 INFO: GET /todos 304 - 765ms
2025-03-06 12:37:51 INFO: OPTIONS /todos 204 - 1ms
2025-03-06 12:37:51 INFO: OPTIONS /todos 204 - 1ms
2025-03-06 12:37:52 INFO: GET /todos 304 - 1069ms
2025-03-06 12:37:53 INFO: GET /todos 304 - 768ms
2025-03-06 12:43:17 INFO: OPTIONS /todos 204 - 0ms
2025-03-06 12:43:17 INFO: OPTIONS /todos 204 - 0ms
2025-03-06 12:43:17 INFO: GET /todos 401 - 10ms
2025-03-06 12:43:17 INFO: GET /todos 401 - 15ms
2025-03-06 12:43:17 INFO: OPTIONS /auth/refresh-token 204 - 2ms
2025-03-06 12:43:17 INFO: OPTIONS /auth/refresh-token 204 - 1ms
2025-03-06 12:43:17 INFO: POST /auth/refresh-token 200 - 16ms
2025-03-06 12:43:17 INFO: POST /auth/refresh-token 200 - 15ms
2025-03-06 12:43:19 INFO: GET /todos 304 - 2420ms
2025-03-06 12:43:20 INFO: GET /todos 304 - 762ms
2025-03-06 12:44:19 INFO: OPTIONS /todos 204 - 9ms
2025-03-06 12:44:19 INFO: OPTIONS /todos 204 - 1ms
2025-03-06 12:44:21 INFO: GET /todos 304 - 1590ms
2025-03-06 12:44:22 INFO: GET /todos 304 - 765ms
2025-03-06 12:47:26 INFO: OPTIONS /todos 204 - 3ms
2025-03-06 12:47:26 INFO: OPTIONS /todos 204 - 1ms
2025-03-06 12:47:27 INFO: GET /todos 304 - 1761ms
2025-03-06 12:47:28 INFO: GET /todos 304 - 758ms
2025-03-06 12:47:58 INFO: OPTIONS /todos 204 - 1ms
2025-03-06 12:48:01 INFO: POST /todos 200 - 2429ms
2025-03-06 12:48:28 INFO: OPTIONS /todos 204 - 1ms
2025-03-06 12:48:28 INFO: OPTIONS /todos 204 - 1ms
2025-03-06 12:48:30 INFO: GET /todos 200 - 1917ms
2025-03-06 12:48:31 INFO: GET /todos 304 - 788ms
2025-03-06 14:06:10 INFO: OPTIONS /todos 204 - 15ms
2025-03-06 14:06:10 INFO: OPTIONS /todos 204 - 1ms
2025-03-06 14:06:10 INFO: GET /todos 401 - 10ms
2025-03-06 14:06:11 INFO: OPTIONS /auth/refresh-token 204 - 1ms
2025-03-06 14:06:11 INFO: GET /todos 401 - 32ms
2025-03-06 14:06:11 INFO: POST /auth/refresh-token 200 - 6ms
2025-03-06 14:06:11 INFO: POST /auth/refresh-token 200 - 8ms
2025-03-06 14:06:16 INFO: GET /todos 304 - 5238ms
2025-03-06 14:06:17 INFO: GET /todos 304 - 778ms
2025-03-06 14:06:50 INFO: OPTIONS /todos 204 - 0ms
2025-03-06 14:06:50 INFO: OPTIONS /todos 204 - 0ms
2025-03-06 14:06:51 INFO: GET /todos 304 - 899ms
2025-03-06 14:06:52 INFO: GET /todos 304 - 769ms
2025-03-06 14:20:30 INFO: OPTIONS /todos 204 - 1ms
2025-03-06 14:20:30 INFO: OPTIONS /todos 204 - 1ms
2025-03-06 14:20:35 INFO: GET /todos 304 - 4534ms
2025-03-06 14:20:36 INFO: GET /todos 304 - 753ms
2025-03-06 14:20:43 INFO: OPTIONS /todos 204 - 1ms
2025-03-06 14:20:44 INFO: GET /todos 304 - 1029ms
2025-03-06 14:20:45 INFO: GET /todos 304 - 773ms
2025-03-06 14:22:26 INFO: OPTIONS /todos 204 - 1ms
2025-03-06 14:22:26 INFO: OPTIONS /todos 204 - 0ms
2025-03-06 14:22:26 INFO: OPTIONS /auth/me 204 - 1ms
2025-03-06 14:22:26 INFO: OPTIONS /auth/me 204 - 3ms
2025-03-06 14:22:26 INFO: GET /auth/me 404 - 66ms
2025-03-06 14:22:26 INFO: GET /auth/me 404 - 1ms
2025-03-06 14:28:53 INFO: OPTIONS /auth/login 204 - 20ms
2025-03-06 14:28:55 INFO: POST /auth/login 200 - 2506ms
2025-03-06 14:29:19 INFO: OPTIONS /todos 204 - 3ms
2025-03-06 14:29:19 INFO: OPTIONS /todos 204 - 1ms
2025-03-06 14:29:19 INFO: OPTIONS /auth/me 204 - 1ms
2025-03-06 14:29:19 INFO: OPTIONS /auth/me 204 - 8ms
2025-03-06 14:29:19 INFO: GET /auth/me 401 - 29ms
2025-03-06 14:29:20 INFO: GET /auth/me 401 - 3ms
2025-03-06 14:29:20 INFO: OPTIONS /auth/refresh-token 204 - 3ms
2025-03-06 14:29:20 INFO: POST /auth/refresh-token 200 - 28ms
2025-03-06 14:29:20 INFO: POST /auth/refresh-token 200 - 30ms
2025-03-06 14:29:20 INFO: GET /auth/me 401 - 7ms
2025-03-06 14:29:20 INFO: GET /auth/me 401 - 4ms
2025-03-06 14:29:21 INFO: GET /todos 200 - 1248ms
2025-03-06 14:29:21 INFO: GET /todos 304 - 777ms
2025-03-06 14:30:27 INFO: OPTIONS /auth/login 204 - 6ms
2025-03-06 14:30:29 INFO: POST /auth/login 200 - 1967ms
2025-03-06 14:32:34 INFO: OPTIONS /auth/me 204 - 1ms
2025-03-06 14:32:34 INFO: OPTIONS /todos 204 - 1ms
2025-03-06 14:32:34 INFO: OPTIONS /todos 204 - 1ms
2025-03-06 14:32:34 INFO: OPTIONS /auth/me 204 - 3ms
2025-03-06 14:32:34 INFO: GET /auth/me 401 - 3ms
2025-03-06 14:32:34 INFO: OPTIONS /auth/refresh-token 204 - 7ms
2025-03-06 14:32:34 INFO: GET /auth/me 401 - 6ms
2025-03-06 14:32:34 INFO: POST /auth/refresh-token 200 - 36ms
2025-03-06 14:32:34 INFO: POST /auth/refresh-token 200 - 11ms
2025-03-06 14:32:34 INFO: GET /auth/me 401 - 15ms
2025-03-06 14:32:34 INFO: GET /auth/me 401 - 2ms
2025-03-06 14:32:36 INFO: GET /todos 304 - 2205ms
2025-03-06 14:32:37 INFO: GET /todos 304 - 788ms
2025-03-06 14:33:34 INFO: OPTIONS /auth/login 204 - 1ms
2025-03-06 14:33:35 INFO: POST /auth/login 200 - 1123ms
2025-03-06 14:33:39 INFO: OPTIONS /todos 204 - 1ms
2025-03-06 14:33:39 INFO: OPTIONS /auth/me 204 - 1ms
2025-03-06 14:33:39 INFO: OPTIONS /todos 204 - 1ms
2025-03-06 14:33:39 INFO: OPTIONS /auth/me 204 - 1ms
2025-03-06 14:33:40 INFO: GET /auth/me 401 - 10ms
2025-03-06 14:33:40 INFO: GET /auth/me 401 - 2ms
2025-03-06 14:33:40 INFO: OPTIONS /auth/refresh-token 204 - 1ms
2025-03-06 14:33:40 INFO: OPTIONS /auth/refresh-token 204 - 1ms
2025-03-06 14:33:40 INFO: POST /auth/refresh-token 200 - 7ms
2025-03-06 14:33:40 INFO: POST /auth/refresh-token 200 - 10ms
2025-03-06 14:33:40 INFO: GET /auth/me 401 - 2ms
2025-03-06 14:33:40 INFO: GET /auth/me 401 - 2ms
2025-03-06 14:33:40 INFO: GET /todos 304 - 917ms
2025-03-06 14:33:41 INFO: GET /todos 304 - 766ms
2025-03-06 14:34:32 INFO: OPTIONS /auth/login 204 - 4ms
2025-03-06 14:34:33 INFO: POST /auth/login 200 - 1366ms
2025-03-06 14:35:09 INFO: OPTIONS /auth/login 204 - 3ms
2025-03-06 14:35:11 INFO: POST /auth/login 200 - 1144ms
2025-03-06 14:36:20 INFO: OPTIONS /auth/login 204 - 4ms
2025-03-06 14:36:21 INFO: POST /auth/login 200 - 1740ms
2025-03-06 14:41:08 INFO: OPTIONS /todos 204 - 2ms
2025-03-06 14:41:09 INFO: OPTIONS /todos 204 - 1ms
2025-03-06 14:41:09 INFO: OPTIONS /auth/me 204 - 1ms
2025-03-06 14:41:09 INFO: OPTIONS /auth/me 204 - 2ms
2025-03-06 14:41:09 INFO: GET /auth/me 401 - 3ms
2025-03-06 14:41:09 INFO: GET /auth/me 401 - 3ms
2025-03-06 14:41:09 INFO: OPTIONS /auth/refresh-token 204 - 5ms
2025-03-06 14:41:09 INFO: OPTIONS /auth/refresh-token 204 - 1ms
2025-03-06 14:41:09 INFO: POST /auth/refresh-token 200 - 13ms
2025-03-06 14:41:09 INFO: POST /auth/refresh-token 200 - 7ms
2025-03-06 14:41:09 INFO: GET /auth/me 401 - 3ms
2025-03-06 14:41:09 INFO: GET /auth/me 401 - 2ms
2025-03-06 14:41:11 INFO: GET /todos 304 - 2104ms
2025-03-06 14:41:11 INFO: GET /todos 304 - 792ms
2025-03-06 14:42:56 INFO: OPTIONS /auth/login 204 - 3ms
2025-03-06 14:42:58 INFO: POST /auth/login 200 - 1510ms
2025-03-06 14:44:53 INFO: OPTIONS /todos 204 - 14ms
2025-03-06 14:44:53 INFO: OPTIONS /todos 204 - 1ms
2025-03-06 14:44:53 INFO: OPTIONS /auth/me 204 - 10ms
2025-03-06 14:44:53 INFO: OPTIONS /auth/me 204 - 1ms
2025-03-06 14:44:54 INFO: GET /auth/me 401 - 10ms
2025-03-06 14:44:54 INFO: GET /auth/me 401 - 3ms
2025-03-06 14:44:54 INFO: OPTIONS /auth/refresh-token 204 - 1ms
2025-03-06 14:44:54 INFO: OPTIONS /auth/refresh-token 204 - 10ms
2025-03-06 14:44:54 INFO: POST /auth/refresh-token 200 - 41ms
2025-03-06 14:44:54 INFO: POST /auth/refresh-token 200 - 16ms
2025-03-06 14:44:54 INFO: GET /auth/me 401 - 3ms
2025-03-06 14:44:54 INFO: GET /auth/me 401 - 2ms
2025-03-06 14:44:55 INFO: GET /todos 304 - 1552ms
2025-03-06 14:44:55 INFO: GET /todos 304 - 291ms
2025-03-06 14:45:21 INFO: OPTIONS /auth/login 204 - 1ms
2025-03-06 14:45:22 INFO: POST /auth/login 200 - 1140ms
2025-03-06 14:47:23 INFO: OPTIONS /auth/me 204 - 6ms
2025-03-06 14:47:23 INFO: OPTIONS /auth/me 204 - 1ms
2025-03-06 14:47:23 INFO: GET /auth/me 401 - 13ms
2025-03-06 14:47:23 INFO: GET /auth/me 401 - 4ms
2025-03-06 14:47:23 INFO: OPTIONS /auth/refresh-token 204 - 1ms
2025-03-06 14:47:23 INFO: POST /auth/refresh-token 200 - 108ms
2025-03-06 14:47:23 INFO: POST /auth/refresh-token 200 - 17ms
2025-03-06 14:47:23 INFO: GET /auth/me 401 - 2ms
2025-03-06 14:47:23 INFO: GET /auth/me 401 - 4ms
2025-03-06 14:47:43 INFO: OPTIONS /auth/login 204 - 1ms
2025-03-06 14:48:40 INFO: OPTIONS /auth/login 204 - 3ms
2025-03-06 14:48:41 INFO: POST /auth/login 200 - 1168ms
2025-03-06 14:54:09 INFO: OPTIONS /auth/me 204 - 2ms
2025-03-06 14:54:09 INFO: OPTIONS /todos 204 - 1ms
2025-03-06 14:54:09 INFO: OPTIONS /todos 204 - 2ms
2025-03-06 14:54:09 INFO: OPTIONS /auth/me 204 - 7ms
2025-03-06 14:54:09 INFO: GET /auth/me 401 - 16ms
2025-03-06 14:54:09 INFO: GET /auth/me 401 - 15ms
2025-03-06 14:54:09 INFO: OPTIONS /auth/refresh-token 204 - 2ms
2025-03-06 14:54:09 INFO: OPTIONS /auth/refresh-token 204 - 2ms
2025-03-06 14:54:09 INFO: POST /auth/refresh-token 200 - 15ms
2025-03-06 14:54:09 INFO: POST /auth/refresh-token 200 - 7ms
2025-03-06 14:54:09 INFO: GET /auth/me 401 - 3ms
2025-03-06 14:54:09 INFO: GET /auth/me 401 - 2ms
2025-03-06 14:54:11 INFO: GET /todos 304 - 1571ms
2025-03-06 14:54:11 INFO: GET /todos 304 - 796ms
2025-03-06 15:27:37 INFO: OPTIONS /auth/signup 204 - 3ms
2025-03-06 15:34:37 INFO: OPTIONS /auth/signup 204 - 4ms
2025-03-06 15:34:40 INFO: POST /auth/signup 200 - 3269ms
2025-03-06 15:35:14 INFO: OPTIONS /auth/login 204 - 1ms
2025-03-06 15:35:15 INFO: POST /auth/login 200 - 1103ms
2025-03-06 15:36:26 INFO: OPTIONS /todos 204 - 2ms
2025-03-06 15:36:26 INFO: OPTIONS /auth/me 204 - 1ms
2025-03-06 15:36:26 INFO: OPTIONS /auth/me 204 - 4ms
2025-03-06 15:36:26 INFO: OPTIONS /todos 204 - 1ms
2025-03-06 15:36:26 INFO: GET /auth/me 401 - 5ms
2025-03-06 15:36:26 INFO: GET /auth/me 401 - 3ms
2025-03-06 15:36:26 INFO: OPTIONS /auth/refresh-token 204 - 1ms
2025-03-06 15:36:26 INFO: POST /auth/refresh-token 200 - 7ms
2025-03-06 15:36:26 INFO: POST /auth/refresh-token 200 - 9ms
2025-03-06 15:36:26 INFO: GET /auth/me 401 - 2ms
2025-03-06 15:36:26 INFO: GET /auth/me 401 - 2ms
2025-03-06 15:36:28 INFO: GET /todos 200 - 2236ms
2025-03-06 15:36:29 INFO: GET /todos 304 - 796ms
2025-03-06 15:43:26 INFO: OPTIONS /auth/login 204 - 1ms
2025-03-06 15:43:28 INFO: POST /auth/login 200 - 2711ms
2025-03-06 15:43:28 INFO: OPTIONS /todos 204 - 1ms
2025-03-06 15:43:28 INFO: OPTIONS /todos 204 - 0ms
2025-03-06 15:43:29 INFO: GET /todos 304 - 799ms
2025-03-06 15:43:30 INFO: GET /todos 304 - 817ms
2025-03-06 15:46:03 INFO: OPTIONS /todos 204 - 1ms
2025-03-06 15:46:03 INFO: OPTIONS /auth/me 204 - 1ms
2025-03-06 15:46:03 INFO: OPTIONS /todos 204 - 1ms
2025-03-06 15:46:03 INFO: GET /auth/me 401 - 3ms
2025-03-06 15:46:03 INFO: OPTIONS /auth/refresh-token 204 - 1ms
2025-03-06 15:46:03 INFO: OPTIONS /auth/me 204 - 2ms
2025-03-06 15:46:03 INFO: POST /auth/refresh-token 200 - 11ms
2025-03-06 15:46:03 INFO: GET /auth/me 401 - 8ms
2025-03-06 15:46:03 INFO: GET /auth/me 401 - 2ms
2025-03-06 15:46:03 INFO: POST /auth/refresh-token 200 - 16ms
2025-03-06 15:46:03 INFO: GET /auth/me 401 - 3ms
2025-03-06 15:46:16 INFO: OPTIONS /auth/login 204 - 1ms
2025-03-06 15:46:17 INFO: POST /auth/login 200 - 1019ms
2025-03-06 15:46:17 INFO: OPTIONS /todos 204 - 1ms
2025-03-06 15:46:17 INFO: OPTIONS /todos 204 - 1ms
2025-03-06 15:46:18 INFO: GET /todos 200 - 783ms
2025-03-06 15:46:19 INFO: GET /todos 304 - 783ms
2025-03-06 15:46:23 INFO: OPTIONS /todos 204 - 1ms
2025-03-06 15:46:23 INFO: OPTIONS /todos 204 - 1ms
2025-03-06 15:46:23 INFO: OPTIONS /auth/me 204 - 12ms
2025-03-06 15:46:23 INFO: OPTIONS /auth/me 204 - 0ms
2025-03-06 15:46:23 INFO: GET /auth/me 401 - 2ms
2025-03-06 15:46:23 INFO: GET /auth/me 401 - 3ms
2025-03-06 15:46:23 INFO: OPTIONS /auth/refresh-token 204 - 2ms
2025-03-06 15:46:23 INFO: POST /auth/refresh-token 200 - 4ms
2025-03-06 15:46:23 INFO: POST /auth/refresh-token 200 - 8ms
2025-03-06 15:46:23 INFO: GET /auth/me 401 - 2ms
2025-03-06 15:46:24 INFO: GET /auth/me 401 - 2ms
2025-03-06 15:46:24 INFO: GET /todos 304 - 903ms
2025-03-06 15:46:25 INFO: GET /todos 304 - 758ms
2025-03-06 15:47:59 INFO: OPTIONS /auth/login 204 - 3ms
2025-03-06 15:48:01 INFO: POST /auth/login 200 - 2081ms
2025-03-06 15:48:01 INFO: OPTIONS /todos 204 - 3ms
2025-03-06 15:48:01 INFO: OPTIONS /todos 204 - 1ms
2025-03-06 15:48:02 INFO: GET /todos 304 - 773ms
2025-03-06 15:48:02 INFO: GET /todos 304 - 784ms
2025-03-06 15:48:14 INFO: OPTIONS /todos 204 - 4ms
2025-03-06 15:48:14 INFO: OPTIONS /todos 204 - 1ms
2025-03-06 15:48:14 INFO: OPTIONS /auth/me 204 - 1ms
2025-03-06 15:48:14 INFO: OPTIONS /auth/me 204 - 4ms
2025-03-06 15:48:14 INFO: GET /auth/me 401 - 5ms
2025-03-06 15:48:14 INFO: GET /auth/me 401 - 2ms
2025-03-06 15:48:14 INFO: OPTIONS /auth/refresh-token 204 - 1ms
2025-03-06 15:48:14 INFO: OPTIONS /auth/refresh-token 204 - 1ms
2025-03-06 15:48:14 INFO: POST /auth/refresh-token 200 - 6ms
2025-03-06 15:48:14 INFO: POST /auth/refresh-token 200 - 10ms
2025-03-06 15:48:14 INFO: GET /auth/me 401 - 12ms
2025-03-06 15:48:14 INFO: GET /auth/me 401 - 2ms
2025-03-06 15:48:15 INFO: GET /todos 304 - 934ms
2025-03-06 15:48:16 INFO: GET /todos 304 - 779ms
2025-03-06 15:49:23 INFO: OPTIONS /auth/login 204 - 5ms
2025-03-06 15:49:25 INFO: POST /auth/login 200 - 2447ms
2025-03-06 15:49:25 INFO: OPTIONS /todos 204 - 1ms
2025-03-06 15:49:25 INFO: OPTIONS /todos 204 - 1ms
2025-03-06 15:49:26 INFO: GET /todos 304 - 812ms
2025-03-06 15:49:27 INFO: GET /todos 304 - 759ms
2025-03-06 15:49:43 INFO: OPTIONS /todos 204 - 2ms
2025-03-06 15:49:43 INFO: OPTIONS /auth/me 204 - 1ms
2025-03-06 15:49:43 INFO: OPTIONS /todos 204 - 3ms
2025-03-06 15:49:43 INFO: OPTIONS /auth/me 204 - 1ms
2025-03-06 15:49:43 INFO: GET /auth/me 401 - 13ms
2025-03-06 15:49:43 INFO: GET /auth/me 401 - 4ms
2025-03-06 15:49:43 INFO: OPTIONS /auth/refresh-token 204 - 1ms
2025-03-06 15:49:43 INFO: POST /auth/refresh-token 200 - 15ms
2025-03-06 15:49:43 INFO: OPTIONS /auth/refresh-token 204 - 1ms
2025-03-06 15:49:43 INFO: GET /auth/me 401 - 14ms
2025-03-06 15:49:43 INFO: POST /auth/refresh-token 200 - 12ms
2025-03-06 15:49:43 INFO: GET /auth/me 401 - 3ms
2025-03-06 15:49:44 INFO: GET /todos 304 - 970ms
2025-03-06 15:49:45 INFO: GET /todos 304 - 773ms
2025-03-06 15:51:44 INFO: OPTIONS /auth/login 204 - 4ms
2025-03-06 15:51:46 INFO: POST /auth/login 200 - 1666ms
2025-03-06 15:51:46 INFO: OPTIONS /todos 204 - 2ms
2025-03-06 15:51:46 INFO: OPTIONS /todos 204 - 2ms
2025-03-06 15:51:47 INFO: GET /todos 304 - 796ms
2025-03-06 15:51:47 INFO: GET /todos 304 - 298ms
2025-03-06 15:51:52 INFO: OPTIONS /todos 204 - 1ms
2025-03-06 15:51:52 INFO: OPTIONS /auth/me 204 - 1ms
2025-03-06 15:51:52 INFO: OPTIONS /auth/me 204 - 4ms
2025-03-06 15:51:52 INFO: OPTIONS /todos 204 - 2ms
2025-03-06 15:51:52 INFO: GET /auth/me 401 - 4ms
2025-03-06 15:51:52 INFO: GET /auth/me 401 - 4ms
2025-03-06 15:51:52 INFO: OPTIONS /auth/refresh-token 204 - 2ms
2025-03-06 15:51:52 INFO: POST /auth/refresh-token 200 - 8ms
2025-03-06 15:51:52 INFO: POST /auth/refresh-token 200 - 16ms
2025-03-06 15:51:52 INFO: GET /auth/me 401 - 10ms
2025-03-06 15:51:52 INFO: GET /auth/me 401 - 2ms
2025-03-06 15:51:52 INFO: GET /todos 304 - 859ms
2025-03-06 15:51:53 INFO: GET /todos 304 - 787ms
2025-03-06 15:52:51 INFO: OPTIONS /auth/login 204 - 3ms
2025-03-06 15:52:53 INFO: POST /auth/login 200 - 2497ms
2025-03-06 15:52:53 INFO: OPTIONS /todos 204 - 1ms
2025-03-06 15:52:53 INFO: OPTIONS /todos 204 - 1ms
2025-03-06 15:52:54 INFO: GET /todos 304 - 787ms
2025-03-06 15:52:55 INFO: GET /todos 304 - 777ms
2025-03-06 15:53:08 INFO: OPTIONS /todos 204 - 2ms
2025-03-06 15:53:08 INFO: OPTIONS /todos 204 - 1ms
2025-03-06 15:53:08 INFO: OPTIONS /auth/me 204 - 2ms
2025-03-06 15:53:08 INFO: OPTIONS /auth/me 204 - 3ms
2025-03-06 15:53:08 INFO: GET /auth/me 401 - 51ms
2025-03-06 15:53:08 INFO: GET /auth/me 401 - 21ms
2025-03-06 15:53:08 INFO: OPTIONS /auth/refresh-token 204 - 1ms
2025-03-06 15:53:08 INFO: POST /auth/refresh-token 200 - 16ms
2025-03-06 15:53:08 INFO: POST /auth/refresh-token 200 - 7ms
2025-03-06 15:53:08 INFO: GET /auth/me 401 - 18ms
2025-03-06 15:53:08 INFO: GET /auth/me 401 - 20ms
2025-03-06 15:53:08 INFO: GET /todos 304 - 483ms
2025-03-06 15:53:09 INFO: GET /todos 304 - 776ms
2025-03-06 15:53:49 INFO: OPTIONS /auth/login 204 - 4ms
2025-03-06 15:53:50 INFO: POST /auth/login 401 - 1309ms
2025-03-06 15:53:50 INFO: OPTIONS /auth/refresh-token 204 - 2ms
2025-03-06 15:53:50 INFO: POST /auth/refresh-token 403 - 3ms
2025-03-06 15:54:07 INFO: OPTIONS /auth/login 204 - 1ms
2025-03-06 15:54:08 INFO: POST /auth/login 200 - 983ms
2025-03-06 15:54:08 INFO: OPTIONS /todos 204 - 1ms
2025-03-06 15:54:08 INFO: OPTIONS /todos 204 - 1ms
2025-03-06 15:54:09 INFO: GET /todos 304 - 777ms
2025-03-06 15:54:09 INFO: GET /todos 304 - 314ms
2025-03-06 15:54:18 INFO: OPTIONS /todos 204 - 5ms
2025-03-06 15:54:18 INFO: OPTIONS /auth/me 204 - 2ms
2025-03-06 15:54:18 INFO: OPTIONS /todos 204 - 1ms
2025-03-06 15:54:18 INFO: OPTIONS /auth/me 204 - 1ms
2025-03-06 15:54:18 INFO: GET /auth/me 401 - 12ms
2025-03-06 15:54:18 INFO: GET /auth/me 401 - 3ms
2025-03-06 15:54:18 INFO: OPTIONS /auth/refresh-token 204 - 1ms
2025-03-06 15:54:18 INFO: POST /auth/refresh-token 200 - 13ms
2025-03-06 15:54:18 INFO: OPTIONS /auth/refresh-token 204 - 1ms
2025-03-06 15:54:18 INFO: POST /auth/refresh-token 200 - 18ms
2025-03-06 15:54:18 INFO: GET /auth/me 401 - 2ms
2025-03-06 15:54:18 INFO: GET /auth/me 401 - 3ms
2025-03-06 15:54:18 INFO: GET /todos 304 - 913ms
2025-03-06 15:54:19 INFO: GET /todos 304 - 761ms
2025-03-06 16:04:02 INFO: OPTIONS /auth/login 204 - 4ms
2025-03-06 16:04:06 INFO: POST /auth/login 200 - 3425ms
2025-03-06 16:04:06 INFO: OPTIONS /todos 204 - 3ms
2025-03-06 16:04:06 INFO: OPTIONS /todos 204 - 1ms
2025-03-06 16:04:06 INFO: GET /todos 304 - 784ms
2025-03-06 16:04:07 INFO: GET /todos 304 - 773ms
2025-03-06 16:04:22 INFO: OPTIONS /todos 204 - 2ms
2025-03-06 16:04:22 INFO: OPTIONS /auth/me 204 - 1ms
2025-03-06 16:04:22 INFO: OPTIONS /auth/me 204 - 11ms
2025-03-06 16:04:22 INFO: OPTIONS /todos 204 - 12ms
2025-03-06 16:04:22 INFO: GET /auth/me 401 - 16ms
2025-03-06 16:04:22 INFO: GET /auth/me 401 - 4ms
2025-03-06 16:04:22 INFO: OPTIONS /auth/refresh-token 204 - 1ms
2025-03-06 16:04:22 INFO: POST /auth/refresh-token 200 - 8ms
2025-03-06 16:04:22 INFO: POST /auth/refresh-token 200 - 17ms
2025-03-06 16:04:22 INFO: GET /auth/me 401 - 13ms
2025-03-06 16:04:22 INFO: GET /auth/me 401 - 2ms
2025-03-06 16:04:23 INFO: GET /todos 304 - 934ms
2025-03-06 16:04:23 INFO: GET /todos 304 - 767ms
2025-03-06 16:05:27 INFO: OPTIONS /auth/login 204 - 3ms
2025-03-06 16:05:30 INFO: POST /auth/login 200 - 2635ms
2025-03-06 16:05:30 INFO: OPTIONS /todos 204 - 1ms
2025-03-06 16:05:30 INFO: OPTIONS /todos 204 - 1ms
2025-03-06 16:05:31 INFO: GET /todos 304 - 787ms
2025-03-06 16:05:32 INFO: GET /todos 304 - 764ms
2025-03-06 16:13:57 INFO: OPTIONS /todos 204 - 17ms
2025-03-06 16:13:57 INFO: OPTIONS /todos 204 - 1ms
2025-03-06 16:13:59 INFO: GET /todos 304 - 2164ms
2025-03-06 16:13:59 INFO: GET /todos 304 - 290ms
2025-03-06 16:14:45 INFO: OPTIONS /todos 204 - 2ms
2025-03-06 16:14:45 INFO: OPTIONS /todos 204 - 1ms
2025-03-06 16:14:46 INFO: GET /todos 304 - 998ms
2025-03-06 16:14:47 INFO: GET /todos 304 - 777ms
2025-03-06 16:14:49 INFO: GET /todos 304 - 789ms
2025-03-06 16:14:50 INFO: GET /todos 304 - 777ms
2025-03-06 16:14:52 INFO: OPTIONS /todos 204 - 1ms
2025-03-06 16:14:52 INFO: OPTIONS /todos 204 - 6ms
2025-03-06 16:14:53 INFO: GET /todos 304 - 772ms
2025-03-06 16:14:53 INFO: GET /todos 304 - 305ms
2025-03-06 16:14:55 INFO: GET /todos 304 - 801ms
2025-03-06 16:14:55 INFO: GET /todos 304 - 294ms
2025-03-06 16:15:08 INFO: OPTIONS /todos 204 - 1ms
2025-03-06 16:15:08 INFO: OPTIONS /todos 204 - 2ms
2025-03-06 16:15:09 INFO: GET /todos 304 - 1028ms
2025-03-06 16:15:10 INFO: GET /todos 304 - 774ms
2025-03-06 16:15:12 INFO: GET /todos 304 - 791ms
2025-03-06 16:15:14 INFO: GET /todos 200 - 754ms
2025-03-06 16:15:15 INFO: OPTIONS /todos 204 - 4ms
2025-03-06 16:15:15 INFO: OPTIONS /todos 204 - 2ms
2025-03-06 16:15:15 INFO: GET /todos 200 - 291ms
2025-03-06 16:15:15 INFO: GET /todos 304 - 280ms
2025-03-06 16:15:43 INFO: OPTIONS /auth/login 204 - 1ms
2025-03-06 16:15:44 INFO: POST /auth/login 200 - 996ms
2025-03-06 16:15:44 INFO: OPTIONS /todos 204 - 1ms
2025-03-06 16:15:44 INFO: OPTIONS /todos 204 - 1ms
2025-03-06 16:15:44 INFO: GET /todos 304 - 288ms
2025-03-06 16:15:45 INFO: GET /todos 304 - 769ms
2025-03-06 16:16:14 INFO: OPTIONS /todos 204 - 12ms
2025-03-06 16:16:14 INFO: OPTIONS /todos 204 - 1ms
2025-03-06 16:16:15 INFO: GET /todos 304 - 1214ms
2025-03-06 16:16:16 INFO: GET /todos 304 - 789ms
2025-03-06 16:18:51 INFO: OPTIONS /todos 204 - 4ms
2025-03-06 16:18:51 INFO: OPTIONS /todos 204 - 2ms
2025-03-06 16:18:53 INFO: GET /todos 304 - 2100ms
2025-03-06 16:18:54 INFO: GET /todos 304 - 292ms
2025-03-06 16:19:00 INFO: OPTIONS /todos 204 - 1ms
2025-03-06 16:19:02 INFO: GET /todos 304 - 1050ms
2025-03-06 16:19:02 INFO: GET /todos 304 - 776ms
2025-03-06 16:19:04 INFO: GET /todos 304 - 809ms
2025-03-06 16:19:05 INFO: GET /todos 304 - 286ms
2025-03-06 16:19:07 INFO: OPTIONS /todos 204 - 1ms
2025-03-06 16:19:07 INFO: OPTIONS /todos 204 - 1ms
2025-03-06 16:19:08 INFO: GET /todos 304 - 871ms
2025-03-06 16:19:08 INFO: GET /todos 304 - 791ms
2025-03-06 16:19:18 INFO: OPTIONS /todos 204 - 1ms
2025-03-06 16:19:18 INFO: OPTIONS /todos 204 - 1ms
2025-03-06 16:19:19 INFO: GET /todos 304 - 980ms
2025-03-06 16:19:20 INFO: GET /todos 304 - 778ms
2025-03-06 16:19:22 INFO: GET /todos 304 - 305ms
2025-03-06 16:19:23 INFO: GET /todos 304 - 748ms
2025-03-06 16:19:23 INFO: OPTIONS /todos 204 - 1ms
2025-03-06 16:19:23 INFO: OPTIONS /todos 204 - 1ms
2025-03-06 16:19:24 INFO: GET /todos 304 - 298ms
2025-03-06 16:19:24 INFO: GET /todos 304 - 311ms
2025-03-06 16:19:41 INFO: OPTIONS /todos 204 - 14ms
2025-03-06 16:19:41 INFO: OPTIONS /todos 204 - 1ms
2025-03-06 16:19:42 INFO: GET /todos 304 - 507ms
2025-03-06 16:19:43 INFO: GET /todos 304 - 781ms
2025-03-06 16:21:01 INFO: OPTIONS /todos 204 - 1ms
2025-03-06 16:21:01 INFO: OPTIONS /todos 204 - 1ms
2025-03-06 16:21:02 INFO: GET /todos 304 - 1173ms
2025-03-06 16:21:03 INFO: GET /todos 304 - 758ms
2025-03-06 16:21:44 INFO: OPTIONS /todos 204 - 0ms
2025-03-06 16:21:44 INFO: OPTIONS /todos 204 - 1ms
2025-03-06 16:21:45 INFO: GET /todos 304 - 868ms
2025-03-06 16:21:45 INFO: GET /todos 304 - 780ms
2025-03-06 16:22:00 INFO: OPTIONS /todos 204 - 1ms
2025-03-06 16:22:02 INFO: GET /todos 304 - 1091ms
2025-03-06 16:22:02 INFO: GET /todos 304 - 795ms
2025-03-06 16:22:27 INFO: OPTIONS /todos 204 - 1ms
2025-03-06 16:22:28 INFO: GET /todos 304 - 866ms
2025-03-06 16:22:29 INFO: GET /todos 304 - 751ms
2025-03-06 16:22:40 INFO: OPTIONS /todos 204 - 1ms
2025-03-06 16:22:41 INFO: GET /todos 304 - 963ms
2025-03-06 16:22:42 INFO: GET /todos 304 - 781ms
2025-03-06 16:23:06 INFO: OPTIONS /todos 204 - 1ms
2025-03-06 16:23:08 INFO: GET /todos 304 - 1913ms
2025-03-06 16:23:11 INFO: GET /todos 304 - 745ms
2025-03-06 16:23:19 INFO: OPTIONS /todos 204 - 2ms
2025-03-06 16:23:20 INFO: GET /todos 304 - 896ms
2025-03-06 16:23:20 INFO: GET /todos 304 - 759ms
2025-03-06 16:23:32 INFO: OPTIONS /todos 204 - 1ms
2025-03-06 16:23:32 INFO: OPTIONS /todos 204 - 0ms
2025-03-06 16:23:33 INFO: GET /todos 304 - 979ms
2025-03-06 16:23:34 INFO: GET /todos 304 - 769ms
2025-03-06 16:28:53 INFO: OPTIONS /todos 204 - 0ms
2025-03-06 16:28:53 INFO: OPTIONS /todos 204 - 0ms
2025-03-06 16:28:55 INFO: GET /todos 304 - 2063ms
2025-03-06 16:28:56 INFO: GET /todos 304 - 301ms
2025-03-06 16:29:25 INFO: OPTIONS /todos 204 - 1ms
2025-03-06 16:29:25 INFO: OPTIONS /todos 204 - 1ms
2025-03-06 16:29:26 INFO: GET /todos 304 - 890ms
2025-03-06 16:29:26 INFO: GET /todos 304 - 778ms
2025-03-06 16:31:05 INFO: OPTIONS /auth/login 204 - 1ms
2025-03-06 16:31:07 INFO: POST /auth/login 200 - 2406ms
2025-03-06 16:31:07 INFO: OPTIONS /todos 204 - 1ms
2025-03-06 16:31:07 INFO: OPTIONS /todos 204 - 1ms
2025-03-06 16:31:08 INFO: GET /todos 304 - 796ms
2025-03-06 16:31:09 INFO: GET /todos 304 - 847ms
2025-03-06 16:31:48 INFO: OPTIONS /todos 204 - 1ms
2025-03-06 16:31:48 INFO: OPTIONS /todos 204 - 1ms
2025-03-06 16:31:49 INFO: GET /todos 304 - 1043ms
2025-03-06 16:31:49 INFO: GET /todos 304 - 749ms
2025-03-06 16:32:04 INFO: OPTIONS /todos 204 - 1ms
2025-03-06 16:32:05 INFO: POST /todos 200 - 1405ms
2025-03-06 16:37:48 INFO: OPTIONS /todos 204 - 1ms
2025-03-06 16:37:48 INFO: OPTIONS /todos 204 - 2ms
2025-03-06 16:37:50 INFO: GET /todos 200 - 1319ms
2025-03-06 16:37:50 INFO: GET /todos 304 - 756ms
2025-03-06 16:38:12 INFO: OPTIONS /auth/signup 204 - 0ms
2025-03-06 16:38:13 INFO: POST /auth/signup 200 - 1310ms
2025-03-06 16:38:20 INFO: OPTIONS /auth/login 204 - 1ms
2025-03-06 16:38:21 INFO: POST /auth/login 200 - 1077ms
2025-03-06 16:38:21 INFO: OPTIONS /todos 204 - 1ms
2025-03-06 16:38:21 INFO: OPTIONS /todos 204 - 1ms
2025-03-06 16:38:22 INFO: GET /todos 200 - 297ms
2025-03-06 16:38:23 INFO: GET /todos 304 - 839ms
2025-03-06 16:38:52 INFO: OPTIONS /todos 204 - 0ms
2025-03-06 16:38:54 INFO: POST /todos 200 - 1791ms
2025-03-06 16:39:15 INFO: OPTIONS /auth/login 204 - 0ms
2025-03-06 16:39:16 INFO: POST /auth/login 200 - 968ms
2025-03-06 16:39:16 INFO: OPTIONS /todos 204 - 1ms
2025-03-06 16:39:16 INFO: OPTIONS /todos 204 - 0ms
2025-03-06 16:39:17 INFO: GET /todos 200 - 768ms
2025-03-06 16:39:17 INFO: GET /todos 304 - 289ms
